#
# A fatal error has been detected by the Java Runtime Environment:
#
#  SIGSEGV (0xb) at pc=0x00007f0d2e6d2401, pid=537, tid=542
#
# JRE version: OpenJDK Runtime Environment (11.0.8+10) (build 11.0.8+10-post-Ubuntu-0ubuntu118.04.1)
# Java VM: OpenJDK 64-Bit Server VM (11.0.8+10-post-Ubuntu-0ubuntu118.04.1, mixed mode, sharing, tiered, compressed oops, serial gc, linux-amd64)
# Problematic frame:
# C  [libjimage.so+0x2401]
#
# Core dump will be written. Default location: Core dumps may be processed with "/usr/share/apport/apport %p %s %c %d %P %E" (or dumping to /home/runner/a8q4-balez4464/core.537)
#
# If you would like to submit a bug report, please visit:
#   https://bugs.launchpad.net/ubuntu/+source/openjdk-lts
#

---------------  S U M M A R Y ------------

Command Line: Main

Host: Intel(R) Xeon(R) CPU @ 2.30GHz, 4 cores, 512M, Ubuntu 18.04.5 LTS
Time: Fri Oct 30 14:23:26 2020 UTC elapsed time: 67 seconds (0d 0h 1m 7s)

---------------  T H R E A D  ---------------

Current thread (0x00007f0d28059000):  JavaThread "Signal Dispatcher" daemon [_thread_in_vm, id=542, stack(0x00007f0d2cc34000,0x00007f0d2cd35000)]

Stack: [0x00007f0d2cc34000,0x00007f0d2cd35000],  sp=0x00007f0d2cd321e0,  free space=1016k
Native frames: (J=compiled Java code, A=aot compiled Java code, j=interpreted, Vv=VM code, C=native code)
C  [libjimage.so+0x2401]
C  [libjimage.so+0x30ea]
C  [libjimage.so+0x35c6]  JIMAGE_FindResource+0xd6
V  [libjvm.so+0x59097e]
V  [libjvm.so+0x5936e0]
V  [libjvm.so+0xd50b85]
V  [libjvm.so+0xd4e51a]
V  [libjvm.so+0xd51112]
V  [libjvm.so+0x645bed]
V  [libjvm.so+0x83f24c]
j  jdk.internal.misc.Signal.dispatch(I)V+25 java.base@11.0.8
v  ~StubRoutines::call_stub
V  [libjvm.so+0x84eb09]
V  [libjvm.so+0x84d8f5]
V  [libjvm.so+0xbc3d2c]
V  [libjvm.so+0xd8996f]
V  [libjvm.so+0xd860bf]
V  [libjvm.so+0xbd632e]

Java frames: (J=compiled Java code, j=interpreted, Vv=VM code)
j  jdk.internal.misc.Signal.dispatch(I)V+25 java.base@11.0.8
v  ~StubRoutines::call_stub

siginfo: si_signo: 11 (SIGSEGV), si_code: 1 (SEGV_MAPERR), si_addr: 0x00007f0d1f914458

Register to memory mapping:

RAX=0x000000000000490f is an unknown value
RBX=0x00007f0d2cd32291 is pointing into the stack for thread: 0x00007f0d28059000
RCX=0x00007f0d1f90201c is an unknown value
RDX=0x000000000000490f is an unknown value
RSP=0x00007f0d2cd321e0 is pointing into the stack for thread: 0x00007f0d28059000
RBP=0x00007f0d2cd32200 is pointing into the stack for thread: 0x00007f0d28059000
RSI=0x00007f0d2cd32290 is pointing into the stack for thread: 0x00007f0d28059000
RDI=0x00007f0d2e8d5030: <offset 0x0000000000205030> in /usr/lib/jvm/java-11-openjdk-amd64/lib/libjimage.so at 0x00007f0d2e6d0000
R8 =0x0 is NULL
R9 =0x0000000076100fa4 is an unknown value
R10=0x00007f0d2cd322b3 is pointing into the stack for thread: 0x00007f0d28059000
R11=0x00007f0d3070b07d: <offset 0x0000000000eb307d> in /usr/lib/jvm/java-11-openjdk-amd64/lib/server/libjvm.so at 0x00007f0d2f858000
R12=0x00007f0d2cd32290 is pointing into the stack for thread: 0x00007f0d28059000
R13=0x00000000000083bc is an unknown value
R14=0x00007f0d2cd33328 is pointing into the stack for thread: 0x00007f0d28059000
R15=0x00007f0d28059cb0 points into unknown readable memory: 6a 64 6b 2f 69 6e 74 65


Registers:
RAX=0x000000000000490f, RBX=0x00007f0d2cd32291, RCX=0x00007f0d1f90201c, RDX=0x000000000000490f
RSP=0x00007f0d2cd321e0, RBP=0x00007f0d2cd32200, RSI=0x00007f0d2cd32290, RDI=0x00007f0d2e8d5030
R8 =0x0000000000000000, R9 =0x0000000076100fa4, R10=0x00007f0d2cd322b3, R11=0x00007f0d3070b07d
R12=0x00007f0d2cd32290, R13=0x00000000000083bc, R14=0x00007f0d2cd33328, R15=0x00007f0d28059cb0
RIP=0x00007f0d2e6d2401, EFLAGS=0x0000000000010246, CSGSFS=0x002b000000000033, ERR=0x0000000000000004
  TRAPNO=0x000000000000000e

Top of Stack: (sp=0x00007f0d2cd321e0)
0x00007f0d2cd321e0:   0000000000000000 00007f0d28009600
0x00007f0d2cd321f0:   0000000000000000 00007f0d2cd32290
0x00007f0d2cd32200:   00007f0d2cd32270 00007f0d2e6d30ea
0x00007f0d2cd32210:   0000000000000000 0000000000000000 

Instructions: (pc=0x00007f0d2e6d2401)
0x00007f0d2e6d2301:   c5 4c 01 e3 48 89 ce e8 d3 f3 ff ff e9 69 fd ff
0x00007f0d2e6d2311:   ff 89 d1 0f b7 74 08 fe 66 41 89 74 0e fe e9 7a
0x00007f0d2e6d2321:   fe ff ff 0f 1f 40 00 8b 08 49 8d 1c 16 41 89 0e
0x00007f0d2e6d2331:   89 d1 8b 74 08 fc 41 89 74 0e fc 48 8d 34 10 48
0x00007f0d2e6d2341:   89 75 b8 e9 0b fe ff ff 0f 1f 80 00 00 00 00 0f
0x00007f0d2e6d2351:   b6 17 55 89 f0 48 89 e5 84 d2 74 22 48 8d 4f 01
0x00007f0d2e6d2361:   0f 1f 80 00 00 00 00 48 83 c1 01 0f b6 f2 0f b6
0x00007f0d2e6d2371:   51 ff 69 c0 93 01 00 01 31 f0 84 d2 75 e9 25 ff
0x00007f0d2e6d2381:   ff ff 7f 5d c3 66 2e 0f 1f 84 00 00 00 00 00 48
0x00007f0d2e6d2391:   85 d2 0f 84 dd 00 00 00 85 c9 0f 84 d5 00 00 00
0x00007f0d2e6d23a1:   55 48 89 e5 41 55 41 54 53 48 8d 5e 01 48 83 ec
0x00007f0d2e6d23b1:   08 44 0f b6 06 45 84 c0 0f 84 a9 00 00 00 49 89
0x00007f0d2e6d23c1:   da b8 93 01 00 01 66 0f 1f 84 00 00 00 00 00 49
0x00007f0d2e6d23d1:   83 c2 01 44 69 c8 93 01 00 01 41 0f b6 c0 45 0f
0x00007f0d2e6d23e1:   b6 42 ff 44 31 c8 45 84 c0 75 e4 25 ff ff ff 7f
0x00007f0d2e6d23f1:   41 89 cd 48 89 d1 31 d2 41 f7 f5 49 89 f4 89 d0
0x00007f0d2e6d2401:   8b 34 81 48 8b 07 ff 50 20 83 f8 00 7e 41 41 0f
0x00007f0d2e6d2411:   b6 14 24 84 d2 74 1c 0f 1f 84 00 00 00 00 00 69
0x00007f0d2e6d2421:   c0 93 01 00 01 48 83 c3 01 31 d0 0f b6 53 ff 84
0x00007f0d2e6d2431:   d2 75 ec 25 ff ff ff 7f 31 d2 41 f7 f5 48 83 c4
0x00007f0d2e6d2441:   08 89 d0 5b 41 5c 41 5d 5d c3 0f 1f 44 00 00 74
0x00007f0d2e6d2451:   1d f7 d0 48 83 c4 08 89 c2 5b 89 d0 41 5c 41 5d
0x00007f0d2e6d2461:   5d c3 0f 1f 44 00 00 b8 93 01 00 01 eb 82 ba ff
0x00007f0d2e6d2471:   ff ff ff eb c8 83 ca ff 89 d0 c3 0f 1f 40 00 0f
0x00007f0d2e6d2481:   b6 17 55 48 89 f8 48 89 e5 84 d2 75 15 eb 1a 38
0x00007f0d2e6d2491:   ca 75 1c 48 83 c0 01 0f b6 10 48 83 c6 01 84 d2
0x00007f0d2e6d24a1:   74 07 0f b6 0e 84 c9 75 e6 5d c3 0f 1f 40 00 31
0x00007f0d2e6d24b1:   c0 5d c3 66 90 66 2e 0f 1f 84 00 00 00 00 00 55
0x00007f0d2e6d24c1:   48 85 f6 48 89 e5 74 57 0f 1f 80 00 00 00 00 0f
0x00007f0d2e6d24d1:   b6 06 84 c0 74 49 0f b6 d0 83 e0 07 c1 fa 03 44
0x00007f0d2e6d24e1:   8d 50 01 0f b6 c0 41 89 d1 48 8d 56 01 4c 8d 44
0x00007f0d2e6d24f1:   06 02 31 c0 0f 1f 00 0f b6 0a 48 c1 e0 08 48 83 


Stack slot to memory mapping:
stack at sp + 0 slots: 0x0 is NULL
stack at sp + 1 slots: 0x00007f0d28009600 points into unknown readable memory: 50 0f 00 cc 0c 7f 00 00
stack at sp + 2 slots: 0x0 is NULL
stack at sp + 3 slots: 0x00007f0d2cd32290 is pointing into the stack for thread: 0x00007f0d28059000
stack at sp + 4 slots: 0x00007f0d2cd32270 is pointing into the stack for thread: 0x00007f0d28059000
stack at sp + 5 slots: 0x00007f0d2e6d30ea: <offset 0x00000000000030ea> in /usr/lib/jvm/java-11-openjdk-amd64/lib/libjimage.so at 0x00007f0d2e6d0000
stack at sp + 6 slots: 0x0 is NULL
stack at sp + 7 slots: 0x0 is NULL


---------------  P R O C E S S  ---------------

Threads class SMR info:
_java_thread_list=0x00007f0cc420e160, length=14, elements={
0x00007f0d28051000, 0x00007f0d28053000, 0x00007f0d28059000, 0x00007f0d2805b800,
0x00007f0d2805d800, 0x00007f0d2805f800, 0x00007f0d2809a000, 0x00007f0d2809f800,
0x00007f0d281b8000, 0x00007f0d281fe000, 0x00007f0d28203800, 0x00007f0d28205000,
0x00007f0d28016000, 0x00007f0cc420c800
}

Java Threads: ( => current thread )
  0x00007f0d28051000 JavaThread "Reference Handler" daemon [_thread_blocked, id=540, stack(0x00007f0d2cfd1000,0x00007f0d2d0d2000)]
  0x00007f0d28053000 JavaThread "Finalizer" daemon [_thread_blocked, id=541, stack(0x00007f0d2ced0000,0x00007f0d2cfd1000)]
=>0x00007f0d28059000 JavaThread "Signal Dispatcher" daemon [_thread_in_vm, id=542, stack(0x00007f0d2cc34000,0x00007f0d2cd35000)]
  0x00007f0d2805b800 JavaThread "C2 CompilerThread0" daemon [_thread_blocked, id=543, stack(0x00007f0d2cb33000,0x00007f0d2cc34000)]
  0x00007f0d2805d800 JavaThread "C1 CompilerThread0" daemon [_thread_blocked, id=544, stack(0x00007f0d2ca32000,0x00007f0d2cb33000)]
  0x00007f0d2805f800 JavaThread "Sweeper thread" daemon [_thread_blocked, id=545, stack(0x00007f0d2c931000,0x00007f0d2ca32000)]
  0x00007f0d2809a000 JavaThread "Service Thread" daemon [_thread_blocked, id=546, stack(0x00007f0d2c830000,0x00007f0d2c931000)]
  0x00007f0d2809f800 JavaThread "Common-Cleaner" daemon [_thread_blocked, id=548, stack(0x00007f0d2c62d000,0x00007f0d2c72e000)]
  0x00007f0d281b8000 JavaThread "Java2D Disposer" daemon [_thread_blocked, id=598, stack(0x00007f0d2c0fb000,0x00007f0d2c1fc000)]
  0x00007f0d281fe000 JavaThread "AWT-XAWT" daemon [_thread_in_native, id=599, stack(0x00007f0d10017000,0x00007f0d10118000)]
  0x00007f0d28203800 JavaThread "AWT-Shutdown" [_thread_blocked, id=600, stack(0x00007f0ce82a6000,0x00007f0ce83a7000)]
  0x00007f0d28205000 JavaThread "AWT-EventQueue-0" [_thread_blocked, id=601, stack(0x00007f0ce81a5000,0x00007f0ce82a6000)]
  0x00007f0d28016000 JavaThread "DestroyJavaVM" [_thread_blocked, id=538, stack(0x00007f0d319c5000,0x00007f0d31ac6000)]
  0x00007f0cc420c800 JavaThread "TimerQueue" daemon [_thread_blocked, id=602, stack(0x00007f0ce80a4000,0x00007f0ce81a5000)]

Other Threads:
  0x00007f0d2804e000 VMThread "VM Thread" [stack: 0x00007f0d2d0d4000,0x00007f0d2d1d4000] [id=539]
  0x00007f0d2809c000 WatcherThread [stack: 0x00007f0d2c730000,0x00007f0d2c830000] [id=547]

Threads with active compile tasks:

VM state:not at safepoint (normal execution)

VM Mutex/Monitor currently owned by a thread: None

Heap address: 0x00000000f8000000, size: 128 MB, Compressed Oops mode: 32-bit
Narrow klass base: 0x0000000800000000, Narrow klass shift: 3
Compressed class space size: 1073741824 Address: 0x0000000840000000

Heap:
 def new generation   total 2432K, used 1463K [0x00000000f8000000, 0x00000000f82a0000, 0x00000000faaa0000)
  eden space 2176K,  57% used [0x00000000f8000000, 0x00000000f8136690, 0x00000000f8220000)
  from space 256K,  86% used [0x00000000f8260000, 0x00000000f82975b0, 0x00000000f82a0000)
  to   space 256K,   0% used [0x00000000f8220000, 0x00000000f8220000, 0x00000000f8260000)
 tenured generation   total 5504K, used 2161K [0x00000000faaa0000, 0x00000000fb000000, 0x0000000100000000)
   the space 5504K,  39% used [0x00000000faaa0000, 0x00000000facbc508, 0x00000000facbc600, 0x00000000fb000000)
 Metaspace       used 10010K, capacity 10480K, committed 10624K, reserved 1058816K
  class space    used 1143K, capacity 1389K, committed 1408K, reserved 1048576K

Card table byte_map: [0x00007f0d31984000,0x00007f0d319c5000] _byte_map_base: 0x00007f0d311c4000

Polling page: 0x00007f0d31ae2000

Metaspace:

Usage:
  Non-class:      8.88 MB capacity,     8.66 MB ( 98%) used,   172.13 KB (  2%) free+waste,    52.19 KB ( <1%) overhead. 
      Class:      1.36 MB capacity,     1.12 MB ( 82%) used,   215.79 KB ( 16%) free+waste,    29.62 KB (  2%) overhead. 
       Both:     10.23 MB capacity,     9.78 MB ( 96%) used,   387.92 KB (  4%) free+waste,    81.81 KB ( <1%) overhead. 

Virtual space:
  Non-class space:       10.00 MB reserved,       9.00 MB ( 90%) committed 
      Class space:        1.00 GB reserved,       1.38 MB ( <1%) committed 
             Both:        1.01 GB reserved,      10.38 MB (  1%) committed 

Chunk freelists:
   Non-Class:  5.00 KB
       Class:  19.00 KB
        Both:  24.00 KB

MaxMetaspaceSize: unlimited
CompressedClassSpaceSize: 1.00 GB

CodeHeap 'non-profiled nmethods': size=120036Kb used=334Kb max_used=334Kb free=119701Kb
 bounds [0x00007f0d183c9000, 0x00007f0d18639000, 0x00007f0d1f902000]
CodeHeap 'profiled nmethods': size=120032Kb used=1875Kb max_used=1875Kb free=118156Kb
 bounds [0x00007f0d10e91000, 0x00007f0d11101000, 0x00007f0d183c9000]
CodeHeap 'non-nmethods': size=5692Kb used=1247Kb max_used=1259Kb free=4444Kb
 bounds [0x00007f0d10902000, 0x00007f0d10b72000, 0x00007f0d10e91000]
 total_blobs=1794 nmethods=1141 adapters=568
 compilation: enabled
              stopped_count=0, restarted_count=0
 full_count=0

Compilation events (20 events):
Event: 64.940 Thread 0x00007f0d2805b800 1141       4       java.lang.ref.SoftReference::get (29 bytes)
Event: 64.941 Thread 0x00007f0d2805b800 nmethod 1141 0x00007f0d1841c410 code [0x00007f0d1841c5a0, 0x00007f0d1841c658]
Event: 65.439 Thread 0x00007f0d2805d800 1143       3       sun.awt.EventQueueItem::<init> (10 bytes)
Event: 65.439 Thread 0x00007f0d2805d800 nmethod 1143 0x00007f0d11061a10 code [0x00007f0d11061bc0, 0x00007f0d11061d50]
Event: 65.439 Thread 0x00007f0d2805d800 1142       3       java.awt.EventQueue::postEvent (13 bytes)
Event: 65.440 Thread 0x00007f0d2805d800 nmethod 1142 0x00007f0d11061e10 code [0x00007f0d11062000, 0x00007f0d11062380]
